This is pdfTeX, Version 3.141592653-2.6-1.40.29 (MiKTeX 26.1) (preloaded format=pdflatex 2026.2.15)  20 APR 2026 23:03
entering extended mode
 restricted \write18 enabled.
 %&-line parsing enabled.
**./final_report.tex
(final_report.tex
LaTeX2e <2025-11-01>
L3 programming layer <2026-01-19>
(C:\Users\zyt68\AppData\Local\Programs\MiKTeX\tex/latex/base\article.cls
Document Class: article 2025/01/22 v1.4n Standard LaTeX document class
(C:\Users\zyt68\AppData\Local\Programs\MiKTeX\tex/latex/base\size11.clo
File: size11.clo 2025/01/22 v1.4n Standard LaTeX file (size option)
)
\c@part=\count275
\c@section=\count276
\c@subsection=\count277
\c@subsubsection=\count278
\c@paragraph=\count279
\c@subparagraph=\count280
\c@figure=\count281
\c@table=\count282
\abovecaptionskip=\skip49
\belowcaptionskip=\skip50
\bibindent=\dimen148
)
(acl.sty
Conference Style for ACL
(C:\Users\zyt68\AppData\Local\Programs\MiKTeX\tex/latex/xcolor\xcolor.sty
Package: xcolor 2024/09/29 v3.02 LaTeX color extensions (UK)

(C:\Users\zyt68\AppData\Local\Programs\MiKTeX\tex/latex/graphics-cfg\color.cfg
File: color.cfg 2016/01/02 v1.6 sample color configuration
)
Package xcolor Info: Driver file: pdftex.def on input line 274.

(C:\Users\zyt68\AppData\Local\Programs\MiKTeX\tex/latex/graphics-def\pdftex.def
File: pdftex.def 2025/09/29 v1.2d Graphics/color driver for pdftex
)
(C:\Users\zyt68\AppData\Local\Programs\MiKTeX\tex/latex/graphics\mathcolor.ltx)
Package xcolor Info: Model `cmy' substituted by `cmy0' on input line 1349.
Package xcolor Info: Model `hsb' substituted by `rgb' on input line 1353.
Package xcolor Info: Model `RGB' extended on input line 1365.
Package xcolor Info: Model `HTML' substituted by `rgb' on input line 1367.
Package xcolor Info: Model `Hsb' substituted by `hsb' on input line 1368.
Package xcolor Info: Model `tHsb' substituted by `hsb' on input line 1369.
Package xcolor Info: Model `HSB' substituted by `hsb' on input line 1370.
Package xcolor Info: Model `Gray' substituted by `gray' on input line 1371.
Package xcolor Info: Model `wave' substituted by `hsb' on input line 1372.
) (C:\Users\zyt68\AppData\Local\Programs\MiKTeX\tex/latex/geometry\geometry.sty
Package: geometry 2020/01/02 v5.9 Page Geometry
(C:\Users\zyt68\AppData\Local\Programs\MiKTeX\tex/latex/graphics\keyval.sty
Package: keyval 2022/05/29 v1.15 key=value parser (DPC)
\KV@toks@=\toks17
)
(C:\Users\zyt68\AppData\Local\Programs\MiKTeX\tex/generic/iftex\ifvtex.sty
Package: ifvtex 2019/10/25 v1.7 ifvtex legacy package. Use iftex instead.

(C:\Users\zyt68\AppData\Local\Programs\MiKTeX\tex/generic/iftex\iftex.sty
Package: iftex 2024/12/12 v1.0g TeX engine tests
))
\Gm@cnth=\count283
\Gm@cntv=\count284
\c@Gm@tempcnt=\count285
\Gm@bindingoffset=\dimen149
\Gm@wd@mp=\dimen150
\Gm@odd@mp=\dimen151
\Gm@even@mp=\dimen152
\Gm@layoutwidth=\dimen153
\Gm@layoutheight=\dimen154
\Gm@layouthoffset=\dimen155
\Gm@layoutvoffset=\dimen156
\Gm@dimlist=\toks18

(C:\Users\zyt68\AppData\Local\Programs\MiKTeX\tex/latex/geometry\geometry.cfg))
\titlebox=\skip51
(C:\Users\zyt68\AppData\Local\Programs\MiKTeX\tex/latex/caption\caption.sty
Package: caption 2023/08/05 v3.6o Customizing captions (AR)

(C:\Users\zyt68\AppData\Local\Programs\MiKTeX\tex/latex/caption\caption3.sty
Package: caption3 2023/07/31 v2.4d caption3 kernel (AR)
\caption@tempdima=\dimen157
\captionmargin=\dimen158
\caption@leftmargin=\dimen159
\caption@rightmargin=\dimen160
\caption@width=\dimen161
\caption@indent=\dimen162
\caption@parindent=\dimen163
\caption@hangindent=\dimen164
Package caption Info: Standard document class detected.
)
\c@caption@flags=\count286
\c@continuedfloat=\count287
)
(C:\Users\zyt68\AppData\Local\Programs\MiKTeX\tex/latex/natbib\natbib.sty
Package: natbib 2010/09/13 8.31b (PWD, AO)
\bibhang=\skip52
\bibsep=\skip53
LaTeX Info: Redefining \cite on input line 694.
\c@NAT@ctr=\count288
)
(C:\Users\zyt68\AppData\Local\Programs\MiKTeX\tex/latex/hyperref\hyperref.sty
Package: hyperref 2026-01-29 v7.01p Hypertext links for LaTeX

(C:\Users\zyt68\AppData\Local\Programs\MiKTeX\tex/latex/kvsetkeys\kvsetkeys.sty
Package: kvsetkeys 2022-10-05 v1.19 Key value parser (HO)
)
(C:\Users\zyt68\AppData\Local\Programs\MiKTeX\tex/generic/kvdefinekeys\kvdefine
keys.sty
Package: kvdefinekeys 2019-12-19 v1.6 Define keys (HO)
)
(C:\Users\zyt68\AppData\Local\Programs\MiKTeX\tex/generic/pdfescape\pdfescape.s
ty
Package: pdfescape 2019/12/09 v1.15 Implements pdfTeX's escape features (HO)

(C:\Users\zyt68\AppData\Local\Programs\MiKTeX\tex/generic/ltxcmds\ltxcmds.sty
Package: ltxcmds 2023-12-04 v1.26 LaTeX kernel commands for general use (HO)
)
(C:\Users\zyt68\AppData\Local\Programs\MiKTeX\tex/generic/pdftexcmds\pdftexcmds
.sty
Package: pdftexcmds 2020-06-27 v0.33 Utility functions of pdfTeX for LuaTeX (HO
)

(C:\Users\zyt68\AppData\Local\Programs\MiKTeX\tex/generic/infwarerr\infwarerr.s
ty
Package: infwarerr 2019/12/03 v1.5 Providing info/warning/error messages (HO)
)
Package pdftexcmds Info: \pdf@primitive is available.
Package pdftexcmds Info: \pdf@ifprimitive is available.
Package pdftexcmds Info: \pdfdraftmode found.
))
(C:\Users\zyt68\AppData\Local\Programs\MiKTeX\tex/latex/hycolor\hycolor.sty
Package: hycolor 2020-01-27 v1.10 Color options for hyperref/bookmark (HO)
)
(C:\Users\zyt68\AppData\Local\Programs\MiKTeX\tex/latex/hyperref\nameref.sty
Package: nameref 2026-01-29 v2.58 Cross-referencing by name of section

(C:\Users\zyt68\AppData\Local\Programs\MiKTeX\tex/latex/refcount\refcount.sty
Package: refcount 2019/12/15 v3.6 Data extraction from label references (HO)
)
(C:\Users\zyt68\AppData\Local\Programs\MiKTeX\tex/generic/gettitlestring\gettit
lestring.sty
Package: gettitlestring 2019/12/15 v1.6 Cleanup title references (HO)

(C:\Users\zyt68\AppData\Local\Programs\MiKTeX\tex/latex/kvoptions\kvoptions.sty
Package: kvoptions 2022-06-15 v3.15 Key value format for package options (HO)
))
\c@section@level=\count289
)
(C:\Users\zyt68\AppData\Local\Programs\MiKTeX\tex/latex/etoolbox\etoolbox.sty
Package: etoolbox 2025/10/02 v2.5m e-TeX tools for LaTeX (JAW)
\etb@tempcnta=\count290
)
(C:\Users\zyt68\AppData\Local\Programs\MiKTeX\tex/generic/stringenc\stringenc.s
ty
Package: stringenc 2019/11/29 v1.12 Convert strings between diff. encodings (HO
)
)
\@linkdim=\dimen165
\Hy@linkcounter=\count291
\Hy@pagecounter=\count292
 (C:\Users\zyt68\AppData\Local\Programs\MiKTeX\tex/latex/hyperref\pd1enc.def
File: pd1enc.def 2026-01-29 v7.01p Hyperref: PDFDocEncoding definition (HO)
Now handling font encoding PD1 ...
... no UTF-8 mapping file for font encoding PD1
) (C:\Users\zyt68\AppData\Local\Programs\MiKTeX\tex/generic/intcalc\intcalc.sty
Package: intcalc 2019/12/15 v1.3 Expandable calculations with integers (HO)
)
\Hy@SavedSpaceFactor=\count293
 (C:\Users\zyt68\AppData\Local\Programs\MiKTeX\tex/latex/hyperref\puenc.def
File: puenc.def 2026-01-29 v7.01p Hyperref: PDF Unicode definition (HO)
Now handling font encoding PU ...
... no UTF-8 mapping file for font encoding PU
)
Package hyperref Info: Option `breaklinks' set `true' on input line 4072.
Package hyperref Info: Hyper figures OFF on input line 4201.
Package hyperref Info: Link nesting OFF on input line 4206.
Package hyperref Info: Hyper index ON on input line 4209.
Package hyperref Info: Plain pages OFF on input line 4216.
Package hyperref Info: Backreferencing OFF on input line 4221.
Package hyperref Info: Implicit mode ON; LaTeX internals redefined.
Package hyperref Info: Bookmarks ON on input line 4468.
\c@Hy@tempcnt=\count294

(C:\Users\zyt68\AppData\Local\Programs\MiKTeX\tex/latex/url\url.sty
\Urlmuskip=\muskip17
Package: url 2013/09/16  ver 3.4  Verb mode for urls, etc.
)
LaTeX Info: Redefining \url on input line 4807.
\XeTeXLinkMargin=\dimen166

(C:\Users\zyt68\AppData\Local\Programs\MiKTeX\tex/generic/bitset\bitset.sty
Package: bitset 2019/12/09 v1.3 Handle bit-vector datatype (HO)

(C:\Users\zyt68\AppData\Local\Programs\MiKTeX\tex/generic/bigintcalc\bigintcalc
.sty
Package: bigintcalc 2019/12/15 v1.5 Expandable calculations on big integers (HO
)
))
\Fld@menulength=\count295
\Field@Width=\dimen167
\Fld@charsize=\dimen168
Package hyperref Info: Hyper figures OFF on input line 6084.
Package hyperref Info: Link nesting OFF on input line 6089.
Package hyperref Info: Hyper index ON on input line 6092.
Package hyperref Info: backreferencing OFF on input line 6099.
Package hyperref Info: Link coloring OFF on input line 6104.
Package hyperref Info: Link coloring with OCG OFF on input line 6109.
Package hyperref Info: PDF/A mode OFF on input line 6114.
\Hy@abspage=\count296
\c@Item=\count297
\c@Hfootnote=\count298
)
Package hyperref Info: Driver (autodetected): hpdftex.

(C:\Users\zyt68\AppData\Local\Programs\MiKTeX\tex/latex/hyperref\hpdftex.def
File: hpdftex.def 2026-01-29 v7.01p Hyperref driver for pdfTeX
\Fld@listcount=\count299
\c@bookmark@seq@number=\count300

(C:\Users\zyt68\AppData\Local\Programs\MiKTeX\tex/latex/rerunfilecheck\rerunfil
echeck.sty
Package: rerunfilecheck 2025-06-21 v1.11 Rerun checks for auxiliary files (HO)

(C:\Users\zyt68\AppData\Local\Programs\MiKTeX\tex/generic/uniquecounter\uniquec
ounter.sty
Package: uniquecounter 2019/12/15 v1.4 Provide unlimited unique counter (HO)
)
Package uniquecounter Info: New unique counter `rerunfilecheck' on input line 2
84.
)
\Hy@SectionHShift=\skip54
)
Package hyperref Info: Option `colorlinks' set `true' on input line 305.
)
(C:\Users\zyt68\AppData\Local\Programs\MiKTeX\tex/latex/psnfss\times.sty
Package: times 2020/03/25 PSNFSS-v9.3 (SPQR) 
)
(C:\Users\zyt68\AppData\Local\Programs\MiKTeX\tex/latex/base\latexsym.sty
Package: latexsym 1998/08/17 v2.2e Standard LaTeX package (lasy symbols)
\symlasy=\mathgroup4
LaTeX Font Info:    Overwriting symbol font `lasy' in version `bold'
(Font)                  U/lasy/m/n --> U/lasy/b/n on input line 52.
)
(C:\Users\zyt68\AppData\Local\Programs\MiKTeX\tex/latex/base\fontenc.sty
Package: fontenc 2025/07/18 v2.1d Standard LaTeX package
LaTeX Font Info:    Trying to load font information for T1+ptm on input line 11
6.

(C:\Users\zyt68\AppData\Local\Programs\MiKTeX\tex/latex/psnfss\t1ptm.fd
File: t1ptm.fd 2001/06/04 font definitions for T1/ptm.
))
(C:\Users\zyt68\AppData\Local\Programs\MiKTeX\tex/latex/base\inputenc.sty
Package: inputenc 2024/02/08 v1.3d Input encoding file
\inpenc@prehook=\toks19
\inpenc@posthook=\toks20
)
(C:\Users\zyt68\AppData\Local\Programs\MiKTeX\tex/latex/microtype\microtype.sty
Package: microtype 2025/07/09 v3.2b Micro-typographical refinements (RS)
\MT@toks=\toks21
\MT@tempbox=\box53
\MT@count=\count301
LaTeX Info: Redefining \noprotrusionifhmode on input line 1087.
LaTeX Info: Redefining \leftprotrusion on input line 1088.
\MT@prot@toks=\toks22
LaTeX Info: Redefining \rightprotrusion on input line 1107.
LaTeX Info: Redefining \textls on input line 1449.
\MT@outer@kern=\dimen169
LaTeX Info: Redefining \microtypecontext on input line 2053.
LaTeX Info: Redefining \textmicrotypecontext on input line 2070.
\MT@listname@count=\count302

(C:\Users\zyt68\AppData\Local\Programs\MiKTeX\tex/latex/microtype\microtype-pdf
tex.def
File: microtype-pdftex.def 2025/07/09 v3.2b Definitions specific to pdftex (RS)

LaTeX Info: Redefining \lsstyle on input line 944.
LaTeX Info: Redefining \lslig on input line 944.
\MT@outer@space=\skip55
)
Package microtype Info: Loading configuration file microtype.cfg.

(C:\Users\zyt68\AppData\Local\Programs\MiKTeX\tex/latex/microtype\microtype.cfg
File: microtype.cfg 2025/07/09 v3.2b microtype main configuration file (RS)
)
LaTeX Info: Redefining \microtypesetup on input line 3065.
)
(C:\Users\zyt68\AppData\Local\Programs\MiKTeX\tex/latex/inconsolata\inconsolata
.sty
Package: inconsolata 2019/05/17 v1.12
 `inconsolata-zi4' v1.12, 2019/05/17 Text macros for Inconsolata (msharpe)
(C:\Users\zyt68\AppData\Local\Programs\MiKTeX\tex/latex/base\textcomp.sty
Package: textcomp 2024/04/24 v2.1b Standard LaTeX package
)
(C:\Users\zyt68\AppData\Local\Programs\MiKTeX\tex/latex/xkeyval\xkeyval.sty
Package: xkeyval 2022/06/16 v2.9 package option processing (HA)

(C:\Users\zyt68\AppData\Local\Programs\MiKTeX\tex/generic/xkeyval\xkeyval.tex
(C:\Users\zyt68\AppData\Local\Programs\MiKTeX\tex/generic/xkeyval\xkvutils.tex
\XKV@toks=\toks23
\XKV@tempa@toks=\toks24
)
\XKV@depth=\count303
File: xkeyval.tex 2014/12/03 v2.7a key=value parser (HA)
))
\zifour@ocount=\count304
)
(C:\Users\zyt68\AppData\Local\Programs\MiKTeX\tex/latex/graphics\graphicx.sty
Package: graphicx 2024/12/31 v1.2e Enhanced LaTeX Graphics (DPC,SPQR)

(C:\Users\zyt68\AppData\Local\Programs\MiKTeX\tex/latex/graphics\graphics.sty
Package: graphics 2024/08/06 v1.4g Standard LaTeX Graphics (DPC,SPQR)

(C:\Users\zyt68\AppData\Local\Programs\MiKTeX\tex/latex/graphics\trig.sty
Package: trig 2023/12/02 v1.11 sin cos tan (DPC)
)
(C:\Users\zyt68\AppData\Local\Programs\MiKTeX\tex/latex/graphics-cfg\graphics.c
fg
File: graphics.cfg 2016/06/04 v1.11 sample graphics configuration
)
Package graphics Info: Driver file: pdftex.def on input line 106.
)
\Gin@req@height=\dimen170
\Gin@req@width=\dimen171
)
(C:\Users\zyt68\AppData\Local\Programs\MiKTeX\tex/latex/booktabs\booktabs.sty
Package: booktabs 2020/01/12 v1.61803398 Publication quality tables
\heavyrulewidth=\dimen172
\lightrulewidth=\dimen173
\cmidrulewidth=\dimen174
\belowrulesep=\dimen175
\belowbottomsep=\dimen176
\aboverulesep=\dimen177
\abovetopsep=\dimen178
\cmidrulesep=\dimen179
\cmidrulekern=\dimen180
\defaultaddspace=\dimen181
\@cmidla=\count305
\@cmidlb=\count306
\@aboverulesep=\dimen182
\@belowrulesep=\dimen183
\@thisruleclass=\count307
\@lastruleclass=\count308
\@thisrulewidth=\dimen184
)
(C:\Users\zyt68\AppData\Local\Programs\MiKTeX\tex/latex/amsmath\amsmath.sty
Package: amsmath 2025/07/09 v2.17z AMS math features
\@mathmargin=\skip56

For additional information on amsmath, use the `?' option.
(C:\Users\zyt68\AppData\Local\Programs\MiKTeX\tex/latex/amsmath\amstext.sty
Package: amstext 2024/11/17 v2.01 AMS text

(C:\Users\zyt68\AppData\Local\Programs\MiKTeX\tex/latex/amsmath\amsgen.sty
File: amsgen.sty 1999/11/30 v2.0 generic functions
\@emptytoks=\toks25
\ex@=\dimen185
))
(C:\Users\zyt68\AppData\Local\Programs\MiKTeX\tex/latex/amsmath\amsbsy.sty
Package: amsbsy 1999/11/29 v1.2d Bold Symbols
\pmbraise@=\dimen186
)
(C:\Users\zyt68\AppData\Local\Programs\MiKTeX\tex/latex/amsmath\amsopn.sty
Package: amsopn 2022/04/08 v2.04 operator names
)
\inf@bad=\count309
LaTeX Info: Redefining \frac on input line 233.
\uproot@=\count310
\leftroot@=\count311
LaTeX Info: Redefining \overline on input line 398.
LaTeX Info: Redefining \colon on input line 409.
\classnum@=\count312
\DOTSCASE@=\count313
LaTeX Info: Redefining \ldots on input line 495.
LaTeX Info: Redefining \dots on input line 498.
LaTeX Info: Redefining \cdots on input line 619.
\Mathstrutbox@=\box54
\strutbox@=\box55
LaTeX Info: Redefining \big on input line 721.
LaTeX Info: Redefining \Big on input line 722.
LaTeX Info: Redefining \bigg on input line 723.
LaTeX Info: Redefining \Bigg on input line 724.
\big@size=\dimen187
LaTeX Font Info:    Redeclaring font encoding OML on input line 742.
LaTeX Font Info:    Redeclaring font encoding OMS on input line 743.
\macc@depth=\count314
LaTeX Info: Redefining \bmod on input line 904.
LaTeX Info: Redefining \pmod on input line 909.
LaTeX Info: Redefining \smash on input line 939.
LaTeX Info: Redefining \relbar on input line 969.
LaTeX Info: Redefining \Relbar on input line 970.
\c@MaxMatrixCols=\count315
\dotsspace@=\muskip18
\c@parentequation=\count316
\dspbrk@lvl=\count317
\tag@help=\toks26
\row@=\count318
\column@=\count319
\maxfields@=\count320
\andhelp@=\toks27
\eqnshift@=\dimen188
\alignsep@=\dimen189
\tagshift@=\dimen190
\tagwidth@=\dimen191
\totwidth@=\dimen192
\lineht@=\dimen193
\@envbody=\toks28
\multlinegap=\skip57
\multlinetaggap=\skip58
\mathdisplay@stack=\toks29
LaTeX Info: Redefining \[ on input line 2950.
LaTeX Info: Redefining \] on input line 2951.
)
(C:\Users\zyt68\AppData\Local\Programs\MiKTeX\tex/latex/amsfonts\amssymb.sty
Package: amssymb 2013/01/14 v3.01 AMS font symbols

(C:\Users\zyt68\AppData\Local\Programs\MiKTeX\tex/latex/amsfonts\amsfonts.sty
Package: amsfonts 2013/01/14 v3.01 Basic AMSFonts support
\symAMSa=\mathgroup5
\symAMSb=\mathgroup6
LaTeX Font Info:    Redeclaring math symbol \hbar on input line 98.
LaTeX Font Info:    Overwriting math alphabet `\mathfrak' in version `bold'
(Font)                  U/euf/m/n --> U/euf/b/n on input line 106.
)) (C:\Users\zyt68\AppData\Local\Programs\MiKTeX\tex/latex/multirow\multirow.st
y
Package: multirow 2024/11/12 v2.9 Span multiple rows of a table
\multirow@colwidth=\skip59
\multirow@cntb=\count321
\multirow@dima=\skip60
\bigstrutjot=\dimen194
) (C:\Users\zyt68\AppData\Local\Programs\MiKTeX\tex/latex/sttools\stfloats.sty
Package: stfloats 2025/06/18 v3.4 Improve float mechanism and baselineskip sett
ings
\@dblbotnum=\count322
\c@dblbotnumber=\count323
)
(C:\Users\zyt68\AppData\Local\Programs\MiKTeX\tex/latex/l3backend\l3backend-pdf
tex.def
File: l3backend-pdftex.def 2025-10-09 L3 backend support: PDF output (pdfTeX)
\l__color_backend_stack_int=\count324
) (final_report.aux)
\openout1 = `final_report.aux'.

LaTeX Font Info:    Checking defaults for OML/cmm/m/it on input line 54.
LaTeX Font Info:    ... okay on input line 54.
LaTeX Font Info:    Checking defaults for OMS/cmsy/m/n on input line 54.
LaTeX Font Info:    ... okay on input line 54.
LaTeX Font Info:    Checking defaults for OT1/cmr/m/n on input line 54.
LaTeX Font Info:    ... okay on input line 54.
LaTeX Font Info:    Checking defaults for T1/cmr/m/n on input line 54.
LaTeX Font Info:    ... okay on input line 54.
LaTeX Font Info:    Checking defaults for TS1/cmr/m/n on input line 54.
LaTeX Font Info:    ... okay on input line 54.
LaTeX Font Info:    Checking defaults for OMX/cmex/m/n on input line 54.
LaTeX Font Info:    ... okay on input line 54.
LaTeX Font Info:    Checking defaults for U/cmr/m/n on input line 54.
LaTeX Font Info:    ... okay on input line 54.
LaTeX Font Info:    Checking defaults for PD1/pdf/m/n on input line 54.
LaTeX Font Info:    ... okay on input line 54.
LaTeX Font Info:    Checking defaults for PU/pdf/m/n on input line 54.
LaTeX Font Info:    ... okay on input line 54.

(C:\Users\zyt68\AppData\Local\Programs\MiKTeX\tex/context/base/mkii\supp-pdf.mk
ii
[Loading MPS to PDF converter (version 2006.09.02).]
\scratchcounter=\count325
\scratchdimen=\dimen195
\scratchbox=\box56
\nofMPsegments=\count326
\nofMParguments=\count327
\everyMPshowfont=\toks30
\MPscratchCnt=\count328
\MPscratchDim=\dimen196
\MPnumerator=\count329
\makeMPintoPDFobject=\count330
\everyMPtoPDFconversion=\toks31
)
(C:\Users\zyt68\AppData\Local\Programs\MiKTeX\tex/latex/epstopdf-pkg\epstopdf-b
ase.sty
Package: epstopdf-base 2020-01-24 v2.11 Base part for package epstopdf
Package epstopdf-base Info: Redefining graphics rule for `.eps' on input line 4
85.

(C:\Users\zyt68\AppData\Local\Programs\MiKTeX\tex/latex/00miktex\epstopdf-sys.c
fg
File: epstopdf-sys.cfg 2021/03/18 v2.0 Configuration of epstopdf for MiKTeX
))
*geometry* driver: auto-detecting
*geometry* detected driver: pdftex
*geometry* verbose mode - [ preamble ] result:
* driver: pdftex
* paper: a4paper
* layout: <same size as paper>
* layoutoffset:(h,v)=(0.0pt,0.0pt)
* modes: heightrounded 
* h-part:(L,W,R)=(71.13188pt, 455.24411pt, 71.13188pt)
* v-part:(T,H,B)=(71.13188pt, 702.78308pt, 71.13188pt)
* \paperwidth=597.50787pt
* \paperheight=845.04684pt
* \textwidth=455.24411pt
* \textheight=704.60031pt
* \oddsidemargin=-1.1381pt
* \evensidemargin=-1.1381pt
* \topmargin=-38.1381pt
* \headheight=12.0pt
* \headsep=25.0pt
* \topskip=11.0pt
* \footskip=30.0pt
* \marginparwidth=59.0pt
* \marginparsep=10.0pt
* \columnsep=17.07182pt
* \skip\footins=9.0pt plus 4.0pt minus 2.0pt
* \hoffset=0.0pt
* \voffset=0.0pt
* \mag=1000
* \@twocolumntrue
* \@twosidefalse
* \@mparswitchfalse
* \@reversemarginfalse
* (1in=72.27pt=25.4mm, 1cm=28.453pt)

Package caption Info: Begin \AtBeginDocument code.
Package caption Info: hyperref package is loaded.
Package caption Info: End \AtBeginDocument code.
Package hyperref Info: Link coloring ON on input line 54.
(final_report.out) (final_report.out)
\@outlinefile=\write3
\openout3 = `final_report.out'.

LaTeX Info: Redefining \microtypecontext on input line 54.
Package microtype Info: Applying patch `item' on input line 54.
Package microtype Info: Applying patch `toc' on input line 54.
Package microtype Info: Applying patch `eqnum' on input line 54.


Package microtype Warning: Unable to apply patch `footnote' on input line 54.

Package microtype Info: Applying patch `verbatim' on input line 54.
LaTeX Info: Redefining \microtypesetup on input line 54.
Package microtype Info: Generating PDF output.
Package microtype Info: Character protrusion enabled (level 2).
Package microtype Info: Using default protrusion set `alltext'.
Package microtype Info: Automatic font expansion enabled (level 2),
(microtype)             stretch: 20, shrink: 20, step: 1, non-selected.
Package microtype Info: Using default expansion set `alltext-nott'.
Package microtype Info: Patching command `\showhyphens'.
Package microtype Info: No adjustment of tracking.
Package microtype Info: No adjustment of interword spacing.
Package microtype Info: No adjustment of character kerning.
(C:\Users\zyt68\AppData\Local\Programs\MiKTeX\tex/latex/microtype\mt-ptm.cfg
File: mt-ptm.cfg 2006/04/20 v1.7 microtype config. file: Times (RS)
)
(C:\Users\zyt68\AppData\Local\Programs\MiKTeX\tex/latex/upquote\upquote.sty
Package: upquote 2012/04/19 v1.3 upright-quote and grave-accent glyphs in verba
tim
)
(C:\Users\zyt68\AppData\Local\Programs\MiKTeX\tex/latex/microtype\mt-cmr.cfg
File: mt-cmr.cfg 2013/05/19 v2.2 microtype config. file: Computer Modern Roman 
(RS)
)
LaTeX Font Info:    Trying to load font information for U+lasy on input line 55
.

(C:\Users\zyt68\AppData\Local\Programs\MiKTeX\tex/latex/base\ulasy.fd
File: ulasy.fd 1998/08/17 v2.2e LaTeX symbol font definitions
)
LaTeX Font Info:    Trying to load font information for U+msa on input line 55.


(C:\Users\zyt68\AppData\Local\Programs\MiKTeX\tex/latex/amsfonts\umsa.fd
File: umsa.fd 2013/01/14 v3.01 AMS symbols A
)
(C:\Users\zyt68\AppData\Local\Programs\MiKTeX\tex/latex/microtype\mt-msa.cfg
File: mt-msa.cfg 2006/02/04 v1.1 microtype config. file: AMS symbols (a) (RS)
)
LaTeX Font Info:    Trying to load font information for U+msb on input line 55.


(C:\Users\zyt68\AppData\Local\Programs\MiKTeX\tex/latex/amsfonts\umsb.fd
File: umsb.fd 2013/01/14 v3.01 AMS symbols B
)
(C:\Users\zyt68\AppData\Local\Programs\MiKTeX\tex/latex/microtype\mt-msb.cfg
File: mt-msb.cfg 2005/06/01 v1.0 microtype config. file: AMS symbols (b) (RS)
)
LaTeX Font Info:    Trying to load font information for T1+zi4 on input line 55
.

(C:\Users\zyt68\AppData\Local\Programs\MiKTeX\tex/latex/inconsolata\t1zi4.fd
File: t1zi4.fd 2018/01/14 T1/zi4 (Inconsolata)
)
LaTeX Font Info:    Font shape `T1/zi4/m/n' will be
(Font)              scaled to size 12.0pt on input line 55.
Package microtype Info: Loading generic protrusion settings for font family
(microtype)             `zi4' (encoding: T1).
(microtype)             For optimal results, create family-specific settings.
(microtype)             See the microtype manual for details.
LaTeX Font Info:    Font shape `T1/zi4/m/n' will be
(Font)              scaled to size 10.0pt on input line 74.

Underfull \hbox (badness 2564) in paragraph at lines 61--88
\T1/ptm/m/n/10 (+20) that do not trans-late into use-ful in-ter-ac-
 []


Underfull \hbox (badness 3209) in paragraph at lines 61--88
\T1/ptm/m/n/10 (+20) ClawReg achieves a held-out ROC-AUC
 []


Underfull \hbox (badness 2285) in paragraph at lines 61--88
\T1/ptm/m/n/10 (+20) of 0.897 with a com-pact, sta-ble fea-ture
 []

LaTeX Font Info:    Font shape `T1/zi4/m/n' will be
(Font)              scaled to size 10.95pt on input line 137.

Underfull \hbox (badness 2644) in paragraph at lines 133--147
[]\T1/ptm/m/n/10.95 (+20) The main con-tri-bu-tions of this pa-per are
 []


Underfull \hbox (badness 1019) in paragraph at lines 133--147
\T1/ptm/m/n/10.95 (+20) as fol-lows. We de-scribe a re-pro-ducible six-
 []

[1{C:/Users/zyt68/AppData/Local/MiKTeX/fonts/map/pdftex/pdftex.map}{C:/Users/zy
t68/AppData/Local/Programs/MiKTeX/fonts/enc/dvips/base/8r.enc}{C:/Users/zyt68/A
ppData/Local/Programs/MiKTeX/fonts/enc/dvips/inconsolata/i4-t1-0.enc}



]
Underfull \hbox (badness 1430) in paragraph at lines 161--171
\T1/ptm/m/n/10.95 (+20) The UCI Adult dataset was in-tro-duced as a
 []


Underfull \hbox (badness 1635) in paragraph at lines 161--171
\T1/ptm/m/n/10.95 (+20) and has since be-come one of the most fre-
 []


Underfull \hbox (badness 1895) in paragraph at lines 161--171
\T1/ptm/m/n/10.95 (+20) pretabil-ity meth-ods. Stan-dard pre-pro-cess-ing
 []


Underfull \hbox (badness 2142) in paragraph at lines 219--231
\T1/ptm/m/n/10.95 (+20) WhiskerFlow trans-forms the raw UCI Adult
 []


Underfull \hbox (badness 2376) in paragraph at lines 219--231
\T1/ptm/m/n/10.95 (+20) and \T1/zi4/m/n/10.95 fnlwgt\T1/ptm/m/n/10.95 (+20) , f
ol-low-ing the project spec-i-fi-ca-
 []


Underfull \hbox (badness 7397) in paragraph at lines 219--231
\T1/zi4/m/n/10.95 occupation\T1/ptm/m/n/10.95 (+20) , \T1/zi4/m/n/10.95 relatio
nship\T1/ptm/m/n/10.95 (+20) , \T1/zi4/m/n/10.95 race\T1/ptm/m/n/10.95 (+20) , 
\T1/zi4/m/n/10.95 gender\T1/ptm/m/n/10.95 (+20) ,
 []


Underfull \hbox (badness 2326) in paragraph at lines 232--234
[]\T1/ptm/m/n/10.95 (+20) A key pre-pro-cess-ing step is the log-plus-
 []


Underfull \hbox (badness 2035) in paragraph at lines 232--234
\T1/ptm/m/n/10.95 (+20) one trans-form ap-plied to \T1/zi4/m/n/10.95 capital_ga
in \T1/ptm/m/n/10.95 (+20) and
 []

[2]
LaTeX Font Info:    Font shape `U/lasy/b/n' in size <8> not available
(Font)              Font shape `U/lasy/m/n' tried instead on input line 324.
LaTeX Font Info:    Font shape `U/lasy/b/n' in size <6> not available
(Font)              Font shape `U/lasy/m/n' tried instead on input line 324.
 [3]
<figures/class_balance.png, id=167, 426.393pt x 281.4515pt>
File: figures/class_balance.png Graphic file (type png)
<use figures/class_balance.png>
Package pdftex.def Info: figures/class_balance.png  used on input line 423.
(pdftex.def)             Requested size: 192.79686pt x 127.25754pt.

Underfull \hbox (badness 10000) in paragraph at lines 430--440
[]\T1/ptm/m/n/10.95 (+20) Three no-table dis-tri-bu-tional pat-terns
 []


Underfull \hbox (badness 7504) in paragraph at lines 430--440
\T1/ptm/m/n/10.95 (+20) emerge from the con-tin-u-ous fea-ture flags:
 []

<figures/continuous_by_income_grid.png, id=170, 715.0715pt x 859.6115pt>
File: figures/continuous_by_income_grid.png Graphic file (type png)
<use figures/continuous_by_income_grid.png>
Package pdftex.def Info: figures/continuous_by_income_grid.png  used on input l
ine 443.
(pdftex.def)             Requested size: 455.24411pt x 547.26384pt.

Underfull \hbox (badness 1248) in paragraph at lines 453--462
\T1/zi4/m/n/10.95 Other-service\T1/ptm/m/n/10.95 (+20) ; and \T1/zi4/m/n/10.95 
Male \T1/ptm/m/n/10.95 (+20) has 30.4% ver-sus
 []

<figures/categorical_frequency_grid.png, id=172, 1004.1515pt x 859.6115pt>
File: figures/categorical_frequency_grid.png Graphic file (type png)
<use figures/categorical_frequency_grid.png>
Package pdftex.def Info: figures/categorical_frequency_grid.png  used on input 
line 465.
(pdftex.def)             Requested size: 219.08614pt x 187.54112pt.

Underfull \hbox (badness 1817) in paragraph at lines 469--469
\T1/ptm/m/n/10 (+20) with positive-income rates. House-hold struc-ture
 []


Underfull \hbox (badness 1259) in paragraph at lines 469--469
\T1/ptm/m/n/10 (+20) (\T1/zi4/m/n/10 marital_status\T1/ptm/m/n/10 (+20) , \T1/z
i4/m/n/10 relationship\T1/ptm/m/n/10 (+20) ) and occupation-
 []

LaTeX Font Info:    Font shape `T1/zi4/m/n' will be
(Font)              scaled to size 9.0pt on input line 497.
[4 <./figures/class_balance.png>]
Underfull \hbox (badness 3623) in paragraph at lines 512--521
[]\T1/ptm/m/n/10.95 (+20) Figure [][]4[][] shows the em-pir-i-cal his-tograms
 []


Underfull \hbox (badness 6808) in paragraph at lines 512--521
\T1/zi4/m/n/10.95 education_num\T1/ptm/m/n/10.95 (+20) , \T1/zi4/m/n/10.95 age\
T1/ptm/m/n/10.95 (+20) , and \T1/zi4/m/n/10.95 hours_per_week\T1/ptm/m/n/10.95 
(+20) ,
 []


Underfull \hbox (badness 10000) in paragraph at lines 512--521
\T1/ptm/m/n/10.95 (+20) but breaks down for \T1/zi4/m/n/10.95 capital_gain \T1/
ptm/m/n/10.95 (+20) and
 []


Underfull \hbox (badness 10000) in paragraph at lines 512--521
\T1/zi4/m/n/10.95 capital_loss\T1/ptm/m/n/10.95 (+20) , whose dis-tri-bu-tions 
con-sist
 []


Underfull \vbox (badness 10000) has occurred while \output is active []

<figures/gaussian_fit_overlays.png, id=189, 715.0715pt x 859.6115pt>
File: figures/gaussian_fit_overlays.png Graphic file (type png)
<use figures/gaussian_fit_overlays.png>
Package pdftex.def Info: figures/gaussian_fit_overlays.png  used on input line 
524.
(pdftex.def)             Requested size: 455.24411pt x 547.26384pt.
<figures/continuous_separation_ranking.png, id=190, 570.933pt x 281.4515pt>
File: figures/continuous_separation_ranking.png Graphic file (type png)
<use figures/continuous_separation_ranking.png>
Package pdftex.def Info: figures/continuous_separation_ranking.png  used on inp
ut line 535.
(pdftex.def)             Requested size: 201.55884pt x 99.35982pt.

Underfull \hbox (badness 4699) in paragraph at lines 547--556
\T1/ptm/m/n/10.95 (+20) 0.062). The strongest pair-wise de-pen-den-
 []


Underfull \hbox (badness 6461) in paragraph at lines 547--556
\T1/zi4/m/n/10.95 relationship \T1/ptm/m/n/10.95 (+20) ($[] \OT1/cmr/m/n/10.95 
= 0\OML/cmm/m/it/10.95 :\OT1/cmr/m/n/10.95 725$\T1/ptm/m/n/10.95 (+20) ), \T1/z
i4/m/n/10.95 workclass\T1/ptm/m/n/10.95 (+20) --
 []


Underfull \vbox (badness 10000) has occurred while \output is active []

 [5 <./figures/continuous_by_income_grid.png>]
<figures/mi_heatmap.png, id=202, 643.203pt x 570.5315pt>
File: figures/mi_heatmap.png Graphic file (type png)
<use figures/mi_heatmap.png>
Package pdftex.def Info: figures/mi_heatmap.png  used on input line 603.
(pdftex.def)             Requested size: 219.08614pt x 194.33507pt.
<figures/feature_label_mi_ranking.png, id=203, 570.5315pt x 354.123pt>
File: figures/feature_label_mi_ranking.png Graphic file (type png)
<use figures/feature_label_mi_ranking.png>
Package pdftex.def Info: figures/feature_label_mi_ranking.png  used on input li
ne 613.
(pdftex.def)             Requested size: 219.08614pt x 135.98384pt.

Underfull \hbox (badness 10000) in paragraph at lines 616--616
[]\T1/ptm/m/n/10 (+20) Figure 7: |TailMI feature--label MI rank-ing.
 []


Underfull \hbox (badness 7308) in paragraph at lines 616--616
\T1/zi4/m/n/10 relationship \T1/ptm/m/n/10 (+20) and \T1/zi4/m/n/10 marital_sta
tus \T1/ptm/m/n/10 (+20) lead, with
 []

<figures/top_mi_pairs.png, id=204, 715.0715pt x 354.123pt>
File: figures/top_mi_pairs.png Graphic file (type png)
<use figures/top_mi_pairs.png>
Package pdftex.def Info: figures/top_mi_pairs.png  used on input line 622.
(pdftex.def)             Requested size: 219.08614pt x 108.49635pt.

Underfull \hbox (badness 1226) in paragraph at lines 663--671
\T1/zi4/m/n/10.95 education_num \T1/ptm/m/n/10.95 (+20) (0.741), \T1/zi4/m/n/10
.95 capital_gain_log1p
 []

[6 <./figures/categorical_frequency_grid.png>]
Underfull \hbox (badness 3557) in paragraph at lines 700--706
[]\T1/ptm/m/n/10.95 (+20) Figure [][]9[][] shows the ClawLoss co-ef-fi-cient
 []


Underfull \vbox (badness 10000) has occurred while \output is active []

<figures/logistic_coefficient_paths.png, id=221, 715.0715pt x 426.393pt>
File: figures/logistic_coefficient_paths.png Graphic file (type png)
<use figures/logistic_coefficient_paths.png>
Package pdftex.def Info: figures/logistic_coefficient_paths.png  used on input 
line 709.
(pdftex.def)             Requested size: 455.24411pt x 271.45921pt.

Underfull \vbox (badness 10000) has occurred while \output is active []

 [7 <./figures/gaussian_fit_overlays.png>]
LaTeX Font Info:    Font shape `U/lasy/b/n' in size <9> not available
(Font)              Font shape `U/lasy/m/n' tried instead on input line 740.
LaTeX Font Info:    Font shape `U/lasy/b/n' in size <5> not available
(Font)              Font shape `U/lasy/m/n' tried instead on input line 740.
<figures/interaction_delta_cv_auc.png, id=231, 715.0715pt x 354.123pt>
File: figures/interaction_delta_cv_auc.png Graphic file (type png)
<use figures/interaction_delta_cv_auc.png>
Package pdftex.def Info: figures/interaction_delta_cv_auc.png  used on input li
ne 763.
(pdftex.def)             Requested size: 197.17618pt x 97.64618pt.
 [8 <./figures/continuous_separation_ranking.png> <./figures/mi_heatmap.png> <.
/figures/feature_label_mi_ranking.png> <./figures/top_mi_pairs.png>]
<figures/svm_kernel_comparison.png, id=245, 570.933pt x 281.4515pt>
File: figures/svm_kernel_comparison.png Graphic file (type png)
<use figures/svm_kernel_comparison.png>
Package pdftex.def Info: figures/svm_kernel_comparison.png  used on input line 
811.
(pdftex.def)             Requested size: 197.17618pt x 97.19965pt.
<figures/robustness_metric_ranges.png, id=248, 570.933pt x 281.4515pt>
File: figures/robustness_metric_ranges.png Graphic file (type png)
<use figures/robustness_metric_ranges.png>
Package pdftex.def Info: figures/robustness_metric_ranges.png  used on input li
ne 857.
(pdftex.def)             Requested size: 197.17618pt x 97.19965pt.

Underfull \vbox (badness 10000) has occurred while \output is active []

 [9 <./figures/logistic_coefficient_paths.png>]
Underfull \hbox (badness 10000) in paragraph at lines 878--889
\T1/ptm/m/n/10.95 (+20) com-par-i-son be-tween TailMI and ClawReg.
 []


Underfull \hbox (badness 4467) in paragraph at lines 878--889
\T1/zi4/m/n/10.95 relationship \T1/ptm/m/n/10.95 (+20) has the high-est feature
--label
 []


Underfull \vbox (badness 10000) has occurred while \output is active []

 [10 <./figures/interaction_delta_cv_auc.png> <./figures/svm_kernel_comparison.
png> <./figures/robustness_metric_ranges.png>]
Underfull \hbox (badness 4846) in paragraph at lines 928--940
\T1/zi4/m/n/10.95 capital_gain_log1p\T1/ptm/m/n/10.95 (+20) , \T1/zi4/m/n/10.95
 hours_per_week\T1/ptm/m/n/10.95 (+20) , \T1/zi4/m/n/10.95 age\T1/ptm/m/n/10.95
 (+20) ,
 []


Underfull \hbox (badness 10000) in paragraph at lines 928--940
\T1/ptm/m/n/10.95 (+20) and \T1/zi4/m/n/10.95 capital_loss_log1p\T1/ptm/m/n/10.
95 (+20) ) dom-i-nates the
 []


Underfull \hbox (badness 3579) in paragraph at lines 928--940
\T1/ptm/m/n/10.95 (+20) ClawReg sparse model; that strong TailMI
 []


Underfull \hbox (badness 6961) in paragraph at lines 928--940
\T1/ptm/m/n/10.95 (+20) that log-transformed cap-i-tal vari-ables carry
 []

(final_report.bbl) [11] (final_report.aux)
 ***********
LaTeX2e <2025-11-01>
L3 programming layer <2026-01-19>
 ***********
Package rerunfilecheck Info: File `final_report.out' has not changed.
(rerunfilecheck)             Checksum: 30C0BE035C9774E963AA7A618479337E;3935.
 ) 
Here is how much of TeX's memory you used:
 15986 strings out of 467866
 257114 string characters out of 5418325
 709149 words of memory out of 5000000
 44192 multiletter control sequences out of 15000+600000
 700306 words of font info for 357 fonts, out of 8000000 for 9000
 1141 hyphenation exceptions out of 8191
 90i,14n,93p,1011b,514s stack positions out of 10000i,1000n,20000p,200000b,200000s
<C:/Users/zyt68/AppData/Local/Programs/MiKTeX/fonts/type1/public/inconsolata/
Inconsolata-zi4r.pfb><C:/Users/zyt68/AppData/Local/Programs/MiKTeX/fonts/type1/
public/amsfonts/cm/cmbx10.pfb><C:/Users/zyt68/AppData/Local/Programs/MiKTeX/fon
ts/type1/public/amsfonts/cm/cmbx9.pfb><C:/Users/zyt68/AppData/Local/Programs/Mi
KTeX/fonts/type1/public/amsfonts/cm/cmex10.pfb><C:/Users/zyt68/AppData/Local/Pr
ograms/MiKTeX/fonts/type1/public/amsfonts/cm/cmmi10.pfb><C:/Users/zyt68/AppData
/Local/Programs/MiKTeX/fonts/type1/public/amsfonts/cm/cmmi8.pfb><C:/Users/zyt68
/AppData/Local/Programs/MiKTeX/fonts/type1/public/amsfonts/cm/cmmi9.pfb><C:/Use
rs/zyt68/AppData/Local/Programs/MiKTeX/fonts/type1/public/amsfonts/cm/cmmib10.p
fb><C:/Users/zyt68/AppData/Local/Programs/MiKTeX/fonts/type1/public/amsfonts/cm
extra/cmmib8.pfb><C:/Users/zyt68/AppData/Local/Programs/MiKTeX/fonts/type1/publ
ic/amsfonts/cm/cmr10.pfb><C:/Users/zyt68/AppData/Local/Programs/MiKTeX/fonts/ty
pe1/public/amsfonts/cm/cmr8.pfb><C:/Users/zyt68/AppData/Local/Programs/MiKTeX/f
onts/type1/public/amsfonts/cm/cmr9.pfb><C:/Users/zyt68/AppData/Local/Programs/M
iKTeX/fonts/type1/public/amsfonts/cm/cmsy10.pfb><C:/Users/zyt68/AppData/Local/P
rograms/MiKTeX/fonts/type1/public/amsfonts/cm/cmsy8.pfb><C:/Users/zyt68/AppData
/Local/Programs/MiKTeX/fonts/type1/public/amsfonts/cm/cmsy9.pfb><C:/Users/zyt68
/AppData/Local/Programs/MiKTeX/fonts/type1/urw/times/utmb8a.pfb><C:/Users/zyt68
/AppData/Local/Programs/MiKTeX/fonts/type1/urw/times/utmr8a.pfb><C:/Users/zyt68
/AppData/Local/Programs/MiKTeX/fonts/type1/urw/times/utmri8a.pfb>
Output written on final_report.pdf (11 pages, 1605875 bytes).
PDF statistics:
 385 PDF objects out of 1000 (max. 8388607)
 73 named destinations out of 1000 (max. 500000)
 67293 words of extra memory for PDF output out of 74296 (max. 10000000)

